1693425793989	geckodriver	INFO	Listening on 127.0.0.1:55736
1693425797045	mozrunner::runner	INFO	Running command: "C:\\Program Files\\Mozilla Firefox\\firefox.exe" "--marionette" "--remote-debugging-port" "55737" "--remote-allow-hosts" "localhost" "-no-remote" "-profile" "C:\\Users\\lukaz\\AppData\\Local\\Temp\\rust_mozprofileE2a5si"
console.warn: services.settings: Ignoring preference override of remote settings server
console.warn: services.settings: Allow by setting MOZ_REMOTE_SETTINGS_DEVTOOLS=1 in the environment
1693425797539	Marionette	INFO	Marionette enabled
Dynamically enable window occlusion 0
1693425797635	Marionette	INFO	Listening on port 55745
WebDriver BiDi listening on ws://127.0.0.1:55737
Read port: 55745
1693425797914	RemoteAgent	WARN	TLS certificate errors will be ignored for this session
DevTools listening on ws://127.0.0.1:55737/devtools/browser/d519f60d-9415-4c29-b61d-f73404998aa8
JavaScript warning: https://www.amazon.com.br/, line 1850: WEBGL_debug_renderer_info is deprecated in Firefox and will be removed. Please use RENDERER.
1693425803088	Marionette	WARN	Ignoring event 'pageshow' because document has an invalid readyState of 'uninitialized'.
JavaScript warning: https://www.amazon.com.br/Eletronicos-e-Tecnologia/b/?ie=UTF8&node=16209062011&ref_=nav_cs_electronics, line 56896: WEBGL_debug_renderer_info is deprecated in Firefox and will be removed. Please use RENDERER.
1693425803981	Marionette	INFO	Stopped listening on port 55745
JavaScript warning: https://m.media-amazon.com/images/I/61ZS63EQSsL.js?AUIClients/AmazonUIjQuery, line 132: Script terminated by timeout at:
find@https://m.media-amazon.com/images/I/61ZS63EQSsL.js?AUIClients/AmazonUIjQuery:132:338
init@https://m.media-amazon.com/images/I/61ZS63EQSsL.js?AUIClients/AmazonUIjQuery:36:426
b@https://m.media-amazon.com/images/I/61ZS63EQSsL.js?AUIClients/AmazonUIjQuery:34:373
@https://images-na.ssl-images-amazon.com/images/I/41W974vG8QL._RC|71zzjyvEIHL.js,019AaNzy9HL.js,01JjHYkAeTL.js,01eOvPdxG7L.js,71HGwLRNwQL.js,41306Iio4NL.js,115pV8Rl02L.js,01+pnQJuQ0L.js,21rDHgaooIL.js,41LFml+7fVL.js,51t-JTxfnwL.js,317BC63dC8L.js,11lEMI5MhIL.js,31UsGkeqBUL.js,01LEzWzrPZL.js,01AqeWA7PKL.js_.js?AUIClients/NavDesktopUberAsset&mx8R1gjd#desktop.language-pt.br.488400-T1.488413-T1.366740-T1:698:168
d</throttle/<@https://m.media-amazon.com/images/I/11Y+5x+kkTL._RC|51jfxuELZ4L.js,11yKORv-GTL.js,11GgN1+C7hL.js,01+z+uIeJ-L.js,01VRMV3FBdL.js,21SDJtBU-PL.js,012FVc3131L.js,11rRjDLdAVL.js,516j7qaWchL.js,11kWu3cNjYL.js,11tMohjWmVL.js,11OREnu1epL.js,11r3xGoc2RL.js,21ssiLNIZvL.js,0190vxtlzcL.js,51+N26vFcBL.js,01JYHc2oIlL.js,31nfKXylf6L.js,01ezj5Rkz1L.js,11bEz2VIYrL.js,31o2NGTXThL.js,01rpauTep4L.js,01UrOK220PL.js_.js?AUIClients/AmazonUI:15:9
f/<@https://images-na.ssl-images-amazon.com/images/I/41W974vG8QL._RC|71zzjyvEIHL.js,019AaNzy9HL.js,01JjHYkAeTL.js,01eOvPdxG7L.js,71HGwLRNwQL.js,41306Iio4NL.js,115pV8Rl02L.js,01+pnQJuQ0L.js,21rDHgaooIL.js,41LFml+7fVL.js,51t-JTxfnwL.js,317BC63dC8L.js,11lEMI5MhIL.js,31UsGkeqBUL.js,01LEzWzrPZL.js,01AqeWA7PKL.js_.js?AUIClients/NavDesktopUberAsset&mx8R1gjd#desktop.language-pt.br.488400-T1.488413-T1.366740-T1:664:344
each@https://m.media-amazon.com/images/I/61ZS63EQSsL.js?AUIClients/AmazonUIjQuery:45:258
f@https://images-na.ssl-images-amazon.com/images/I/41W974vG8QL._RC|71zzjyvEIHL.js,019AaNzy9HL.js,01JjHYkAeTL.js,01eOvPdxG7L.js,71HGwLRNwQL.js,41306Iio4NL.js,115pV8Rl02L.js,01+pnQJuQ0L.js,21rDHgaooIL.js,41LFml+7fVL.js,51t-JTxfnwL.js,317BC63dC8L.js,11lEMI5MhIL.js,31UsGkeqBUL.js,01LEzWzrPZL.js,01AqeWA7PKL.js_.js?AUIClients/NavDesktopUberAsset&mx8R1gjd#desktop.language-pt.br.488400-T1.488413-T1.366740-T1:664:321
d/a<@https://images-na.ssl-images-amazon.com/images/I/41W974vG8QL._RC|71zzjyvEIHL.js,019AaNzy9HL.js,01JjHYkAeTL.js,01eOvPdxG7L.js,71HGwLRNwQL.js,41306Iio4NL.js,115pV8Rl02L.js,01+pnQJuQ0L.js,21rDHgaooIL.js,41LFml+7fVL.js,51t-JTxfnwL.js,317BC63dC8L.js,11lEMI5MhIL.js,31UsGkeqBUL.js,01LEzWzrPZL.js,01AqeWA7PKL.js_.js?AUIClients/NavDesktopUberAsset&mx8R1gjd#desktop.language-pt.br.488400-T1.488413-T1.366740-T1:664:266

Dynamically enable window occlusion 1
